ERROR - 2021-05-17 10:46:23 --> Error connecting to the database: No such file or directory
CRITICAL - 2021-05-17 10:46:23 --> Unable to connect to the database.
#0 /opt/lampp/htdocs/siftk/vendor/codeigniter4/framework/system/Database/BaseConnection.php(618): CodeIgniter\Database\BaseConnection->initialize()
#1 /opt/lampp/htdocs/siftk/vendor/codeigniter4/framework/system/Database/BaseBuilder.php(1866): CodeIgniter\Database\BaseConnection->query()
#2 /opt/lampp/htdocs/siftk/vendor/codeigniter4/framework/system/Model.php(247): CodeIgniter\Database\BaseBuilder->get()
#3 /opt/lampp/htdocs/siftk/vendor/codeigniter4/framework/system/BaseModel.php(624): CodeIgniter\Model->doFirst()
#4 /opt/lampp/htdocs/siftk/app/Models/M_admin.php(16): CodeIgniter\BaseModel->first()
#5 /opt/lampp/htdocs/siftk/app/Controllers/Admin.php(16): App\Models\M_admin->get_akun()
#6 /opt/lampp/htdocs/siftk/vendor/codeigniter4/framework/system/CodeIgniter.php(936): App\Controllers\Admin->index()
#7 /opt/lampp/htdocs/siftk/vendor/codeigniter4/framework/system/CodeIgniter.php(432): CodeIgniter\CodeIgniter->runController()
#8 /opt/lampp/htdocs/siftk/vendor/codeigniter4/framework/system/CodeIgniter.php(333): CodeIgniter\CodeIgniter->handleRequest()
#9 /opt/lampp/htdocs/siftk/public/index.php(44): CodeIgniter\CodeIgniter->run()
#10 /opt/lampp/htdocs/siftk/vendor/codeigniter4/framework/system/Commands/Server/rewrite.php(45): require_once('/opt/lampp/htdo...')
#11 {main}
CRITICAL - 2021-05-17 10:47:12 --> Call to undefined method App\Models\M_admin::get_aun
#0 /opt/lampp/htdocs/siftk/app/Controllers/Admin.php(16): CodeIgniter\Model->__call()
#1 /opt/lampp/htdocs/siftk/vendor/codeigniter4/framework/system/CodeIgniter.php(936): App\Controllers\Admin->index()
#2 /opt/lampp/htdocs/siftk/vendor/codeigniter4/framework/system/CodeIgniter.php(432): CodeIgniter\CodeIgniter->runController()
#3 /opt/lampp/htdocs/siftk/vendor/codeigniter4/framework/system/CodeIgniter.php(333): CodeIgniter\CodeIgniter->handleRequest()
#4 /opt/lampp/htdocs/siftk/public/index.php(44): CodeIgniter\CodeIgniter->run()
#5 /opt/lampp/htdocs/siftk/vendor/codeigniter4/framework/system/Commands/Server/rewrite.php(45): require_once('/opt/lampp/htdo...')
#6 {main}
CRITICAL - 2021-05-17 22:05:12 --> Undefined index: nama
#0 /opt/lampp/htdocs/siftk/app/Controllers/Auth.php(37): CodeIgniter\Debug\Exceptions->errorHandler()
#1 /opt/lampp/htdocs/siftk/vendor/codeigniter4/framework/system/CodeIgniter.php(936): App\Controllers\Auth->login()
#2 /opt/lampp/htdocs/siftk/vendor/codeigniter4/framework/system/CodeIgniter.php(432): CodeIgniter\CodeIgniter->runController()
#3 /opt/lampp/htdocs/siftk/vendor/codeigniter4/framework/system/CodeIgniter.php(333): CodeIgniter\CodeIgniter->handleRequest()
#4 /opt/lampp/htdocs/siftk/public/index.php(44): CodeIgniter\CodeIgniter->run()
#5 /opt/lampp/htdocs/siftk/vendor/codeigniter4/framework/system/Commands/Server/rewrite.php(45): require_once('/opt/lampp/htdo...')
#6 {main}
ERROR - 2021-05-17 22:20:13 --> mysqli_sql_exception: Illegal parameter data types varchar and row for operation '=' in /opt/lampp/htdocs/siftk/vendor/codeigniter4/framework/system/Database/MySQLi/Connection.php:314
Stack trace:
#0 /opt/lampp/htdocs/siftk/vendor/codeigniter4/framework/system/Database/MySQLi/Connection.php(314): mysqli->query()
#1 /opt/lampp/htdocs/siftk/vendor/codeigniter4/framework/system/Database/BaseConnection.php(713): CodeIgniter\Database\MySQLi\Connection->execute()
#2 /opt/lampp/htdocs/siftk/vendor/codeigniter4/framework/system/Database/BaseConnection.php(641): CodeIgniter\Database\BaseConnection->simpleQuery()
#3 /opt/lampp/htdocs/siftk/vendor/codeigniter4/framework/system/Database/BaseBuilder.php(1866): CodeIgniter\Database\BaseConnection->query()
#4 /opt/lampp/htdocs/siftk/vendor/codeigniter4/framework/system/Model.php(247): CodeIgniter\Database\BaseBuilder->get()
#5 /opt/lampp/htdocs/siftk/vendor/codeigniter4/framework/system/BaseModel.php(624): CodeIgniter\Model->doFirst()
#6 /opt/lampp/htdocs/siftk/app/Models/M_admin.php(16): CodeIgniter\BaseModel->first()
#7 /opt/lampp/htdocs/siftk/app/Controllers/Admin.php(18): App\Models\M_admin->get_akun()
#8 /opt/lampp/htdocs/siftk/vendor/codeigniter4/framework/system/CodeIgniter.php(936): App\Controllers\Admin->index()
#9 /opt/lampp/htdocs/siftk/vendor/codeigniter4/framework/system/CodeIgniter.php(432): CodeIgniter\CodeIgniter->runController()
#10 /opt/lampp/htdocs/siftk/vendor/codeigniter4/framework/system/CodeIgniter.php(333): CodeIgniter\CodeIgniter->handleRequest()
#11 /opt/lampp/htdocs/siftk/public/index.php(44): CodeIgniter\CodeIgniter->run()
#12 /opt/lampp/htdocs/siftk/vendor/codeigniter4/framework/system/Commands/Server/rewrite.php(45): require_once('/opt/lampp/htdo...')
#13 {main}
CRITICAL - 2021-05-17 22:20:13 --> Illegal parameter data types varchar and row for operation '='
#0 /opt/lampp/htdocs/siftk/vendor/codeigniter4/framework/system/Database/MySQLi/Connection.php(314): mysqli->query()
#1 /opt/lampp/htdocs/siftk/vendor/codeigniter4/framework/system/Database/BaseConnection.php(713): CodeIgniter\Database\MySQLi\Connection->execute()
#2 /opt/lampp/htdocs/siftk/vendor/codeigniter4/framework/system/Database/BaseConnection.php(641): CodeIgniter\Database\BaseConnection->simpleQuery()
#3 /opt/lampp/htdocs/siftk/vendor/codeigniter4/framework/system/Database/BaseBuilder.php(1866): CodeIgniter\Database\BaseConnection->query()
#4 /opt/lampp/htdocs/siftk/vendor/codeigniter4/framework/system/Model.php(247): CodeIgniter\Database\BaseBuilder->get()
#5 /opt/lampp/htdocs/siftk/vendor/codeigniter4/framework/system/BaseModel.php(624): CodeIgniter\Model->doFirst()
#6 /opt/lampp/htdocs/siftk/app/Models/M_admin.php(16): CodeIgniter\BaseModel->first()
#7 /opt/lampp/htdocs/siftk/app/Controllers/Admin.php(18): App\Models\M_admin->get_akun()
#8 /opt/lampp/htdocs/siftk/vendor/codeigniter4/framework/system/CodeIgniter.php(936): App\Controllers\Admin->index()
#9 /opt/lampp/htdocs/siftk/vendor/codeigniter4/framework/system/CodeIgniter.php(432): CodeIgniter\CodeIgniter->runController()
#10 /opt/lampp/htdocs/siftk/vendor/codeigniter4/framework/system/CodeIgniter.php(333): CodeIgniter\CodeIgniter->handleRequest()
#11 /opt/lampp/htdocs/siftk/public/index.php(44): CodeIgniter\CodeIgniter->run()
#12 /opt/lampp/htdocs/siftk/vendor/codeigniter4/framework/system/Commands/Server/rewrite.php(45): require_once('/opt/lampp/htdo...')
#13 {main}
CRITICAL - 2021-05-17 23:28:47 --> Cannot declare class App\Controllers\Admin, because the name is already in use
#0 [internal function]: CodeIgniter\Debug\Exceptions->shutdownHandler()
#1 {main}
CRITICAL - 2021-05-17 23:29:26 --> Undefined variable: admin
#0 /opt/lampp/htdocs/siftk/app/Views/Admin/Pages/DataTable/data_kategori_berkas.php(34): CodeIgniter\Debug\Exceptions->errorHandler()
#1 /opt/lampp/htdocs/siftk/vendor/codeigniter4/framework/system/View/View.php(220): include('/opt/lampp/htdo...')
#2 /opt/lampp/htdocs/siftk/vendor/codeigniter4/framework/system/View/View.php(222): CodeIgniter\View\View->CodeIgniter\View\{closure}()
#3 /opt/lampp/htdocs/siftk/vendor/codeigniter4/framework/system/Common.php(1217): CodeIgniter\View\View->render()
#4 /opt/lampp/htdocs/siftk/app/Controllers/MasterData.php(23): view()
#5 /opt/lampp/htdocs/siftk/vendor/codeigniter4/framework/system/CodeIgniter.php(936): App\Controllers\MasterData->index()
#6 /opt/lampp/htdocs/siftk/vendor/codeigniter4/framework/system/CodeIgniter.php(432): CodeIgniter\CodeIgniter->runController()
#7 /opt/lampp/htdocs/siftk/vendor/codeigniter4/framework/system/CodeIgniter.php(333): CodeIgniter\CodeIgniter->handleRequest()
#8 /opt/lampp/htdocs/siftk/public/index.php(44): CodeIgniter\CodeIgniter->run()
#9 /opt/lampp/htdocs/siftk/vendor/codeigniter4/framework/system/Commands/Server/rewrite.php(45): require_once('/opt/lampp/htdo...')
#10 {main}
